2009.03.04 10:50 B C:\AlbaniWebs\BrainWave\pdf\attention-to-attention_les_fehmi.pdf --> ftp.brainwavevirtuosity.com /jalbanianna/pdf attention-to-attention_les_fehmi.pdf
2009.03.04 10:50 B C:\AlbaniWebs\BrainWave\pdf\gruzelier_musical-performance.pdf --> ftp.brainwavevirtuosity.com /jalbanianna/pdf gruzelier_musical-performance.pdf
2009.03.04 10:53 B C:\AlbaniWebs\BrainWave\pdf\attention-to-attention_les_fehmi.pdf --> ftp.brainwavevirtuosity.com /jalbanianna/pdf attention-to-attention_les_fehmi.pdf
2009.03.04 10:53 B C:\AlbaniWebs\BrainWave\pdf\gruzelier_musical-performance.pdf --> ftp.brainwavevirtuosity.com /jalbanianna/pdf gruzelier_musical-performance.pdf
2009.03.04 10:54 B C:\AlbaniWebs\BrainWave\pdf\gruzelier_musical-performance.pdf --> ftp.brainwavevirtuosity.com /jalbanianna/pdf gruzelier_musical-performance.pdf
2009.03.04 10:56 B C:\AlbaniWebs\BrainWave\pdf\musical_performance.pdf --> ftp.brainwavevirtuosity.com /jalbanianna/pdf musical_performance.pdf
2009.03.17 07:26 B C:\AlbaniWebs\BrainWave\pdf\blaine-greteman.htm --> ftp.brainwavevirtuosity.com /jalbanianna/pdf blaine-greteman.htm
2009.03.17 07:26 B C:\AlbaniWebs\BrainWave\pdf\dan-gilbert.htm --> ftp.brainwavevirtuosity.com /jalbanianna/pdf dan-gilbert.htm
2009.03.17 07:26 B C:\AlbaniWebs\BrainWave\pdf\jill-bolt-taylor.htm --> ftp.brainwavevirtuosity.com /jalbanianna/pdf jill-bolt-taylor.htm
2009.03.17 07:26 B C:\AlbaniWebs\BrainWave\pdf\mihaly.htm --> ftp.brainwavevirtuosity.com /jalbanianna/pdf mihaly.htm
2009.03.17 14:35 B C:\AlbaniWebs\BrainWave\pdf\blaine-greteman.htm --> ftp.brainwavevirtuosity.com /jalbanianna/pdf blaine-greteman.htm
2010.02.15 21:35 B C:\AlbaniWebs\BrainWave\pdf\attention-to-attention_les_fehmi.pdf --> www.brainwavevirtuosity.com /httpdocs/pdf attention-to-attention_les_fehmi.pdf
2010.02.15 21:35 B C:\AlbaniWebs\BrainWave\pdf\blaine-greteman.htm --> www.brainwavevirtuosity.com /httpdocs/pdf blaine-greteman.htm
2010.02.15 21:35 B C:\AlbaniWebs\BrainWave\pdf\dan-gilbert.htm --> www.brainwavevirtuosity.com /httpdocs/pdf dan-gilbert.htm
2010.02.15 21:35 B C:\AlbaniWebs\BrainWave\pdf\jill-bolt-taylor.htm --> www.brainwavevirtuosity.com /httpdocs/pdf jill-bolt-taylor.htm
2010.02.15 21:35 B C:\AlbaniWebs\BrainWave\pdf\mihaly.htm --> www.brainwavevirtuosity.com /httpdocs/pdf mihaly.htm
2010.02.15 21:35 B C:\AlbaniWebs\BrainWave\pdf\musical_performance.pdf --> www.brainwavevirtuosity.com /httpdocs/pdf musical_performance.pdf
2010.02.15 21:35 B C:\AlbaniWebs\BrainWave\pdf\WS_FTP.LOG --> www.brainwavevirtuosity.com /httpdocs/pdf WS_FTP.LOG
2011.02.03 15:17 B E:\AlbaniWebs\BrainWave\pdf\attention-to-attention_les_fehmi.pdf --> brainwavevirtuosity.com /httpdocs/pdf attention-to-attention_les_fehmi.pdf
2011.02.03 15:17 B E:\AlbaniWebs\BrainWave\pdf\blaine-greteman.htm --> brainwavevirtuosity.com /httpdocs/pdf blaine-greteman.htm
2011.02.03 15:17 B E:\AlbaniWebs\BrainWave\pdf\dan-gilbert.htm --> brainwavevirtuosity.com /httpdocs/pdf dan-gilbert.htm
2011.02.03 15:17 B E:\AlbaniWebs\BrainWave\pdf\jill-bolt-taylor.htm --> brainwavevirtuosity.com /httpdocs/pdf jill-bolt-taylor.htm
2011.02.03 15:17 B E:\AlbaniWebs\BrainWave\pdf\mihaly.htm --> brainwavevirtuosity.com /httpdocs/pdf mihaly.htm
2011.02.03 15:17 B E:\AlbaniWebs\BrainWave\pdf\musical_performance.pdf --> brainwavevirtuosity.com /httpdocs/pdf musical_performance.pdf
2011.02.03 15:17 B E:\AlbaniWebs\BrainWave\pdf\WS_FTP.LOG --> brainwavevirtuosity.com /httpdocs/pdf WS_FTP.LOG
2011.02.04 05:57 B E:\AlbaniWebs\BrainWave\pdf\attention-to-attention_les_fehmi.pdf --> brainwavevirtuosity.com /public_html/pdf attention-to-attention_les_fehmi.pdf
2011.02.04 05:57 B E:\AlbaniWebs\BrainWave\pdf\blaine-greteman.htm --> brainwavevirtuosity.com /public_html/pdf blaine-greteman.htm
2011.02.04 05:57 B E:\AlbaniWebs\BrainWave\pdf\dan-gilbert.htm --> brainwavevirtuosity.com /public_html/pdf dan-gilbert.htm
2011.02.04 05:57 B E:\AlbaniWebs\BrainWave\pdf\jill-bolt-taylor.htm --> brainwavevirtuosity.com /public_html/pdf jill-bolt-taylor.htm
2011.02.04 05:57 B E:\AlbaniWebs\BrainWave\pdf\mihaly.htm --> brainwavevirtuosity.com /public_html/pdf mihaly.htm
2011.02.04 05:57 B E:\AlbaniWebs\BrainWave\pdf\musical_performance.pdf --> brainwavevirtuosity.com /public_html/pdf musical_performance.pdf
