2010.02.25 12:05 B C:\AlbaniWebs\BrainWave\HDWForm2Mail\Form2Mail.asp --> www.brainwavevirtuosity.com /httpdocs/HDWForm2Mail Form2Mail.asp
2010.02.25 12:06 B C:\AlbaniWebs\BrainWave\HDWForm2Mail\Form2Mail.asp.mdb --> www.brainwavevirtuosity.com /httpdocs/HDWForm2Mail Form2Mail.asp.mdb
2010.02.27 02:37 B C:\AlbaniWebs\BrainWave\HDWForm2Mail\Form2Mail.asp --> 208.109.83.171 /httpdocs/HDWForm2Mail Form2Mail.asp
2010.02.27 02:38 B C:\AlbaniWebs\BrainWave\HDWForm2Mail\Form2Mail.asp.mdb --> 208.109.83.171 /httpdocs/HDWForm2Mail Form2Mail.asp.mdb
2010.02.27 02:38 B C:\AlbaniWebs\BrainWave\HDWForm2Mail\WS_FTP.LOG --> 208.109.83.171 /httpdocs/HDWForm2Mail WS_FTP.LOG
2010.02.27 02:41 B C:\AlbaniWebs\BrainWave\HDWForm2Mail\WS_FTP.LOG --> www.mnweddingjp.com /httpdocs/HDWForm2Mail WS_FTP.LOG
2010.02.27 02:42 B C:\AlbaniWebs\BrainWave\HDWForm2Mail\Form2Mail.asp --> www.mnweddingjp.com /httpdocs/HDWForm2Mail Form2Mail.asp
2010.02.27 02:42 B C:\AlbaniWebs\BrainWave\HDWForm2Mail\Form2Mail.asp.mdb --> www.mnweddingjp.com /httpdocs/HDWForm2Mail Form2Mail.asp.mdb
2010.02.27 02:43 B C:\AlbaniWebs\BrainWave\HDWForm2Mail\Form2Mail.asp --> www.mnweddingministers.com /httpdocs/HDWForm2Mail Form2Mail.asp
2010.02.27 02:44 B C:\AlbaniWebs\BrainWave\HDWForm2Mail\Form2Mail.asp.mdb --> www.mnweddingministers.com /httpdocs/HDWForm2Mail Form2Mail.asp.mdb
2010.02.27 02:44 B C:\AlbaniWebs\BrainWave\HDWForm2Mail\WS_FTP.LOG --> www.mnweddingministers.com /httpdocs/HDWForm2Mail WS_FTP.LOG
2010.02.27 02:45 B C:\AlbaniWebs\BrainWave\HDWForm2Mail\Form2Mail.asp --> www.mnweddingofficiants.com /httpdocs/HDWForm2Mail Form2Mail.asp
2010.02.27 02:46 B C:\AlbaniWebs\BrainWave\HDWForm2Mail\Form2Mail.asp.mdb --> www.mnweddingofficiants.com /httpdocs/HDWForm2Mail Form2Mail.asp.mdb
2010.02.27 02:46 B C:\AlbaniWebs\BrainWave\HDWForm2Mail\WS_FTP.LOG --> www.mnweddingofficiants.com /httpdocs/HDWForm2Mail WS_FTP.LOG
2010.02.27 07:37 B C:\AlbaniWebs\BrainWave\HDWForm2Mail\Form2Mail.asp --> www.brainwavevirtuosity.com /httpdocs/HDWForm2Mail Form2Mail.asp
2010.02.27 20:41 B C:\AlbaniWebs\BrainWave\HDWForm2Mail\Form2Mail.asp --> www.mnweddingministers.com /httpdocs/HDWForm2Mail Form2Mail.asp
2011.02.03 15:14 B E:\AlbaniWebs\BrainWave\HDWForm2Mail\Form2Mail.asp --> brainwavevirtuosity.com /httpdocs/HDWForm2Mail Form2Mail.asp
2011.02.03 15:15 B E:\AlbaniWebs\BrainWave\HDWForm2Mail\Form2Mail.asp.mdb --> brainwavevirtuosity.com /httpdocs/HDWForm2Mail Form2Mail.asp.mdb
2011.02.03 15:15 B E:\AlbaniWebs\BrainWave\HDWForm2Mail\WS_FTP.LOG --> brainwavevirtuosity.com /httpdocs/HDWForm2Mail WS_FTP.LOG
2011.02.04 05:57 B E:\AlbaniWebs\BrainWave\HDWForm2Mail\Form2Mail.asp --> brainwavevirtuosity.com /public_html/HDWForm2Mail Form2Mail.asp
2011.02.04 05:57 B E:\AlbaniWebs\BrainWave\HDWForm2Mail\Form2Mail.asp.mdb --> brainwavevirtuosity.com /public_html/HDWForm2Mail Form2Mail.asp.mdb
