2009.01.09 08:56 B C:\AlbaniWebs\BrainWave\images\header.jpg --> stgermaingroup.com /jalbanisgg/brain/images header.jpg
2009.01.09 14:24 B C:\AlbaniWebs\BrainWave\images\brainwave-1.jpg --> stgermaingroup.com /jalbanisgg/brain/images brainwave-1.jpg
2009.01.09 14:24 B C:\AlbaniWebs\BrainWave\images\brainwave-2.jpg --> stgermaingroup.com /jalbanisgg/brain/images brainwave-2.jpg
2009.01.09 14:24 B C:\AlbaniWebs\BrainWave\images\brainwave-3.jpg --> stgermaingroup.com /jalbanisgg/brain/images brainwave-3.jpg
2009.01.09 14:24 B C:\AlbaniWebs\BrainWave\images\header.jpg --> stgermaingroup.com /jalbanisgg/brain/images header.jpg
2009.01.09 14:24 B C:\AlbaniWebs\BrainWave\images\WS_FTP.LOG --> stgermaingroup.com /jalbanisgg/brain/images WS_FTP.LOG
2009.02.26 10:49 B C:\AlbaniWebs\BrainWave\images\brainwave-1.jpg --> 72.167.232.208 /jalbanianna/images brainwave-1.jpg
2009.02.26 10:49 B C:\AlbaniWebs\BrainWave\images\brainwave-2.jpg --> 72.167.232.208 /jalbanianna/images brainwave-2.jpg
2009.02.26 10:49 B C:\AlbaniWebs\BrainWave\images\brainwave-3.jpg --> 72.167.232.208 /jalbanianna/images brainwave-3.jpg
2009.02.26 10:49 B C:\AlbaniWebs\BrainWave\images\header.jpg --> 72.167.232.208 /jalbanianna/images header.jpg
2009.02.26 10:49 B C:\AlbaniWebs\BrainWave\images\WS_FTP.LOG --> 72.167.232.208 /jalbanianna/images WS_FTP.LOG
2009.02.28 06:56 B C:\AlbaniWebs\BrainWave\images\brainwave-1b.jpg --> ftp.brainwavevirtuosity.com /jalbanianna/images brainwave-1b.jpg
2009.02.28 06:56 B C:\AlbaniWebs\BrainWave\images\brainwave-2b.jpg --> ftp.brainwavevirtuosity.com /jalbanianna/images brainwave-2b.jpg
2009.02.28 06:56 B C:\AlbaniWebs\BrainWave\images\Dr. Anna Vazquez.jpg --> ftp.brainwavevirtuosity.com /jalbanianna/images Dr. Anna Vazquez.jpg
2009.02.28 06:56 B C:\AlbaniWebs\BrainWave\images\WS_FTP.LOG --> ftp.brainwavevirtuosity.com /jalbanianna/images WS_FTP.LOG
2009.02.28 10:35 B C:\AlbaniWebs\BrainWave\images\Barb_Nelson.jpg --> ftp.brainwavevirtuosity.com /jalbanianna/images Barb_Nelson.jpg
2009.02.28 10:35 B C:\AlbaniWebs\BrainWave\images\header2.gif --> ftp.brainwavevirtuosity.com /jalbanianna/images header2.gif
2009.02.28 10:35 B C:\AlbaniWebs\BrainWave\images\WS_FTP.LOG --> ftp.brainwavevirtuosity.com /jalbanianna/images WS_FTP.LOG
2009.03.03 06:18 B C:\AlbaniWebs\BrainWave\images\header.jpg --> ftp.brainwavevirtuosity.com /jalbanianna/images header.jpg
2009.03.03 13:55 B C:\AlbaniWebs\BrainWave\images\brainwave_computer.jpg --> ftp.brainwavevirtuosity.com /jalbanianna/images brainwave_computer.jpg
2009.03.03 13:55 B C:\AlbaniWebs\BrainWave\images\brainwave_connections.jpg --> ftp.brainwavevirtuosity.com /jalbanianna/images brainwave_connections.jpg
2009.03.03 14:35 B C:\AlbaniWebs\BrainWave\images\header.jpg --> ftp.brainwavevirtuosity.com /jalbanianna/images header.jpg
2009.03.04 06:32 B C:\AlbaniWebs\BrainWave\images\brainwave-3.gif --> ftp.brainwavevirtuosity.com /jalbanianna/images brainwave-3.gif
2009.03.04 07:52 A C:\AlbaniWebs\BrainWave\images\ricebk.jpg --> ftp.brainwavevirtuosity.com /jalbanianna/images ricebk.jpg
2009.03.04 08:26 A C:\AlbaniWebs\BrainWave\images\brainwave-3.gif --> ftp.brainwavevirtuosity.com /jalbanianna/images brainwave-3.gif
2009.03.04 08:59 A C:\AlbaniWebs\BrainWave\images\panel-bkgrd.gif --> ftp.brainwavevirtuosity.com /jalbanianna/images panel-bkgrd.gif
2009.03.05 06:24 B C:\AlbaniWebs\BrainWave\images\Dr. Anna Vazquez_2.jpg --> ftp.brainwavevirtuosity.com /jalbanianna/images Dr. Anna Vazquez_2.jpg
2009.03.05 06:24 B C:\AlbaniWebs\BrainWave\images\Dr. Anna Vazquez_3.jpg --> ftp.brainwavevirtuosity.com /jalbanianna/images Dr. Anna Vazquez_3.jpg
2009.03.06 08:07 B C:\AlbaniWebs\BrainWave\images\work_1_creativity.gif --> ftp.brainwavevirtuosity.com /jalbanianna/images work_1_creativity.gif
2009.03.06 08:07 B C:\AlbaniWebs\BrainWave\images\work_2_meditation.gif --> ftp.brainwavevirtuosity.com /jalbanianna/images work_2_meditation.gif
2009.03.06 08:07 B C:\AlbaniWebs\BrainWave\images\work_3_dimension.jpg --> ftp.brainwavevirtuosity.com /jalbanianna/images work_3_dimension.jpg
2009.03.06 08:07 B C:\AlbaniWebs\BrainWave\images\work_4.jpg --> ftp.brainwavevirtuosity.com /jalbanianna/images work_4.jpg
2009.03.06 08:07 B C:\AlbaniWebs\BrainWave\images\eeg_animation_233.gif --> ftp.brainwavevirtuosity.com /jalbanianna/images eeg_animation_233.gif
2009.03.06 08:07 B C:\AlbaniWebs\BrainWave\images\christine_st-kate.jpg --> ftp.brainwavevirtuosity.com /jalbanianna/images christine_st-kate.jpg
2009.03.06 10:42 B C:\AlbaniWebs\BrainWave\images\header.jpg --> ftp.brainwavevirtuosity.com /jalbanianna/images header.jpg
2009.03.06 15:44 B C:\AlbaniWebs\BrainWave\images\header.jpg --> ftp.brainwavevirtuosity.com /jalbanianna/images header.jpg
2009.03.06 16:08 B C:\AlbaniWebs\BrainWave\images\line_333.gif --> ftp.brainwavevirtuosity.com /jalbanianna/images line_333.gif
2009.03.09 05:43 B C:\AlbaniWebs\BrainWave\images\line_144.gif --> ftp.brainwavevirtuosity.com /jalbanianna/images line_144.gif
2009.03.09 06:38 B C:\AlbaniWebs\BrainWave\images\line_144.gif --> ftp.brainwavevirtuosity.com /jalbanianna/images line_144.gif
2009.03.09 06:40 B C:\AlbaniWebs\BrainWave\images\panel-bkgrd-2.gif --> ftp.brainwavevirtuosity.com /jalbanianna/images panel-bkgrd-2.gif
2009.03.11 12:25 B C:\AlbaniWebs\BrainWave\images\attention.jpg --> ftp.brainwavevirtuosity.com /jalbanianna/images attention.jpg
2009.03.11 12:25 B C:\AlbaniWebs\BrainWave\images\Barb_Nelson.jpg --> ftp.brainwavevirtuosity.com /jalbanianna/images Barb_Nelson.jpg
2009.03.11 12:25 B C:\AlbaniWebs\BrainWave\images\brainwave-3.gif --> ftp.brainwavevirtuosity.com /jalbanianna/images brainwave-3.gif
2009.03.11 12:25 B C:\AlbaniWebs\BrainWave\images\brainwave_computer.jpg --> ftp.brainwavevirtuosity.com /jalbanianna/images brainwave_computer.jpg
2009.03.11 12:25 B C:\AlbaniWebs\BrainWave\images\brainwave_connections.jpg --> ftp.brainwavevirtuosity.com /jalbanianna/images brainwave_connections.jpg
2009.03.11 12:25 B C:\AlbaniWebs\BrainWave\images\christine_st-kate.jpg --> ftp.brainwavevirtuosity.com /jalbanianna/images christine_st-kate.jpg
2009.03.11 12:25 B C:\AlbaniWebs\BrainWave\images\Dr. Anna Vazquez_2.jpg --> ftp.brainwavevirtuosity.com /jalbanianna/images Dr. Anna Vazquez_2.jpg
2009.03.11 12:25 B C:\AlbaniWebs\BrainWave\images\Dr. Anna Vazquez_3.jpg --> ftp.brainwavevirtuosity.com /jalbanianna/images Dr. Anna Vazquez_3.jpg
2009.03.11 12:25 B C:\AlbaniWebs\BrainWave\images\eeg_animation.gif --> ftp.brainwavevirtuosity.com /jalbanianna/images eeg_animation.gif
2009.03.11 12:25 B C:\AlbaniWebs\BrainWave\images\eeg_animation_233.gif --> ftp.brainwavevirtuosity.com /jalbanianna/images eeg_animation_233.gif
2009.03.11 12:25 B C:\AlbaniWebs\BrainWave\images\header.jpg --> ftp.brainwavevirtuosity.com /jalbanianna/images header.jpg
2009.03.11 12:25 B C:\AlbaniWebs\BrainWave\images\header.png --> ftp.brainwavevirtuosity.com /jalbanianna/images header.png
2009.03.11 12:25 B C:\AlbaniWebs\BrainWave\images\line_144.gif --> ftp.brainwavevirtuosity.com /jalbanianna/images line_144.gif
2009.03.11 12:25 B C:\AlbaniWebs\BrainWave\images\line_144_blue.gif --> ftp.brainwavevirtuosity.com /jalbanianna/images line_144_blue.gif
2009.03.11 12:25 B C:\AlbaniWebs\BrainWave\images\line_333.gif --> ftp.brainwavevirtuosity.com /jalbanianna/images line_333.gif
2009.03.11 12:25 B C:\AlbaniWebs\BrainWave\images\line_89_blue.gif --> ftp.brainwavevirtuosity.com /jalbanianna/images line_89_blue.gif
2009.03.11 12:25 B C:\AlbaniWebs\BrainWave\images\line_89_purple.gif --> ftp.brainwavevirtuosity.com /jalbanianna/images line_89_purple.gif
2009.03.11 12:25 B C:\AlbaniWebs\BrainWave\images\nancy_chakrin.jpg --> ftp.brainwavevirtuosity.com /jalbanianna/images nancy_chakrin.jpg
2009.03.11 12:25 B C:\AlbaniWebs\BrainWave\images\panel-bkgrd-2.gif --> ftp.brainwavevirtuosity.com /jalbanianna/images panel-bkgrd-2.gif
2009.03.11 12:25 B C:\AlbaniWebs\BrainWave\images\panel-bkgrd.gif --> ftp.brainwavevirtuosity.com /jalbanianna/images panel-bkgrd.gif
2009.03.11 12:26 B C:\AlbaniWebs\BrainWave\images\paul_vazquez.jpg --> ftp.brainwavevirtuosity.com /jalbanianna/images paul_vazquez.jpg
2009.03.11 12:26 B C:\AlbaniWebs\BrainWave\images\work_1_creativity.gif --> ftp.brainwavevirtuosity.com /jalbanianna/images work_1_creativity.gif
2009.03.11 12:26 B C:\AlbaniWebs\BrainWave\images\work_2_meditation.gif --> ftp.brainwavevirtuosity.com /jalbanianna/images work_2_meditation.gif
2009.03.11 12:26 B C:\AlbaniWebs\BrainWave\images\work_3_dimension.jpg --> ftp.brainwavevirtuosity.com /jalbanianna/images work_3_dimension.jpg
2009.03.11 12:26 B C:\AlbaniWebs\BrainWave\images\work_4.jpg --> ftp.brainwavevirtuosity.com /jalbanianna/images work_4.jpg
2009.03.11 12:26 B C:\AlbaniWebs\BrainWave\images\WS_FTP.LOG --> ftp.brainwavevirtuosity.com /jalbanianna/images WS_FTP.LOG
2009.03.11 12:29 B C:\AlbaniWebs\BrainWave\images\attention.jpg --> ftp.brainwavevirtuosity.com /jalbanianna/images attention.jpg
2009.03.11 12:30 B C:\AlbaniWebs\BrainWave\images\attention.jpg --> ftp.brainwavevirtuosity.com /jalbanianna/images attention.jpg
2009.03.11 17:10 B C:\AlbaniWebs\BrainWave\images\paul_vazquez.jpg --> ftp.brainwavevirtuosity.com /jalbanianna/images paul_vazquez.jpg
2009.03.12 05:17 B C:\AlbaniWebs\BrainWave\images\paul_vazquez.jpg --> ftp.brainwavevirtuosity.com /jalbanianna/images paul_vazquez.jpg
2009.03.12 14:17 B C:\AlbaniWebs\BrainWave\images\eeg_connect.jpg --> ftp.brainwavevirtuosity.com /jalbanianna/images eeg_connect.jpg
2009.03.17 07:26 B C:\AlbaniWebs\BrainWave\images\Anna_stkate.jpg --> ftp.brainwavevirtuosity.com /jalbanianna/images Anna_stkate.jpg
2009.03.20 08:07 B C:\AlbaniWebs\BrainWave\images\professional.jpg --> ftp.brainwavevirtuosity.com /jalbanianna/images professional.jpg
2010.02.15 21:34 B C:\AlbaniWebs\BrainWave\images\Anna_stkate.jpg --> www.brainwavevirtuosity.com /httpdocs/images Anna_stkate.jpg
2010.02.15 21:34 B C:\AlbaniWebs\BrainWave\images\attention.jpg --> www.brainwavevirtuosity.com /httpdocs/images attention.jpg
2010.02.15 21:34 B C:\AlbaniWebs\BrainWave\images\Barb_Nelson.jpg --> www.brainwavevirtuosity.com /httpdocs/images Barb_Nelson.jpg
2010.02.15 21:34 B C:\AlbaniWebs\BrainWave\images\brainwave-1.jpg --> www.brainwavevirtuosity.com /httpdocs/images brainwave-1.jpg
2010.02.15 21:34 B C:\AlbaniWebs\BrainWave\images\brainwave-1b.jpg --> www.brainwavevirtuosity.com /httpdocs/images brainwave-1b.jpg
2010.02.15 21:35 B C:\AlbaniWebs\BrainWave\images\brainwave-2.jpg --> www.brainwavevirtuosity.com /httpdocs/images brainwave-2.jpg
2010.02.15 21:35 B C:\AlbaniWebs\BrainWave\images\brainwave-2b.jpg --> www.brainwavevirtuosity.com /httpdocs/images brainwave-2b.jpg
2010.02.15 21:35 B C:\AlbaniWebs\BrainWave\images\brainwave-3.gif --> www.brainwavevirtuosity.com /httpdocs/images brainwave-3.gif
2010.02.15 21:35 B C:\AlbaniWebs\BrainWave\images\brainwave-3.jpg --> www.brainwavevirtuosity.com /httpdocs/images brainwave-3.jpg
2010.02.15 21:35 B C:\AlbaniWebs\BrainWave\images\brainwave_computer.jpg --> www.brainwavevirtuosity.com /httpdocs/images brainwave_computer.jpg
2010.02.15 21:35 B C:\AlbaniWebs\BrainWave\images\brainwave_connections.jpg --> www.brainwavevirtuosity.com /httpdocs/images brainwave_connections.jpg
2010.02.15 21:35 B C:\AlbaniWebs\BrainWave\images\christine_st-kate.jpg --> www.brainwavevirtuosity.com /httpdocs/images christine_st-kate.jpg
2010.02.15 21:35 B C:\AlbaniWebs\BrainWave\images\clip_image002.gif --> www.brainwavevirtuosity.com /httpdocs/images clip_image002.gif
2010.02.15 21:35 B C:\AlbaniWebs\BrainWave\images\Dr. Anna Vazquez.jpg --> www.brainwavevirtuosity.com /httpdocs/images Dr. Anna Vazquez.jpg
2010.02.15 21:35 B C:\AlbaniWebs\BrainWave\images\Dr. Anna Vazquez_2.jpg --> www.brainwavevirtuosity.com /httpdocs/images Dr. Anna Vazquez_2.jpg
2010.02.15 21:35 B C:\AlbaniWebs\BrainWave\images\Dr. Anna Vazquez_3.jpg --> www.brainwavevirtuosity.com /httpdocs/images Dr. Anna Vazquez_3.jpg
2010.02.15 21:35 B C:\AlbaniWebs\BrainWave\images\eeg_animation.gif --> www.brainwavevirtuosity.com /httpdocs/images eeg_animation.gif
2010.02.15 21:35 B C:\AlbaniWebs\BrainWave\images\eeg_animation_233.gif --> www.brainwavevirtuosity.com /httpdocs/images eeg_animation_233.gif
2010.02.15 21:35 B C:\AlbaniWebs\BrainWave\images\eeg_connect.jpg --> www.brainwavevirtuosity.com /httpdocs/images eeg_connect.jpg
2010.02.15 21:35 B C:\AlbaniWebs\BrainWave\images\header.jpg --> www.brainwavevirtuosity.com /httpdocs/images header.jpg
2010.02.15 21:35 B C:\AlbaniWebs\BrainWave\images\header.png --> www.brainwavevirtuosity.com /httpdocs/images header.png
2010.02.15 21:35 B C:\AlbaniWebs\BrainWave\images\header2.gif --> www.brainwavevirtuosity.com /httpdocs/images header2.gif
2010.02.15 21:35 B C:\AlbaniWebs\BrainWave\images\line_144.gif --> www.brainwavevirtuosity.com /httpdocs/images line_144.gif
2010.02.15 21:35 B C:\AlbaniWebs\BrainWave\images\line_144_blue.gif --> www.brainwavevirtuosity.com /httpdocs/images line_144_blue.gif
2010.02.15 21:35 B C:\AlbaniWebs\BrainWave\images\line_333.gif --> www.brainwavevirtuosity.com /httpdocs/images line_333.gif
2010.02.15 21:35 B C:\AlbaniWebs\BrainWave\images\line_89_blue.gif --> www.brainwavevirtuosity.com /httpdocs/images line_89_blue.gif
2010.02.15 21:35 B C:\AlbaniWebs\BrainWave\images\line_89_purple.gif --> www.brainwavevirtuosity.com /httpdocs/images line_89_purple.gif
2010.02.15 21:35 B C:\AlbaniWebs\BrainWave\images\nancy_chakrin.jpg --> www.brainwavevirtuosity.com /httpdocs/images nancy_chakrin.jpg
2010.02.15 21:35 B C:\AlbaniWebs\BrainWave\images\panel-bkgrd-2.gif --> www.brainwavevirtuosity.com /httpdocs/images panel-bkgrd-2.gif
2010.02.15 21:35 B C:\AlbaniWebs\BrainWave\images\panel-bkgrd.gif --> www.brainwavevirtuosity.com /httpdocs/images panel-bkgrd.gif
2010.02.15 21:35 B C:\AlbaniWebs\BrainWave\images\paul_vazquez.jpg --> www.brainwavevirtuosity.com /httpdocs/images paul_vazquez.jpg
2010.02.15 21:35 B C:\AlbaniWebs\BrainWave\images\professional.jpg --> www.brainwavevirtuosity.com /httpdocs/images professional.jpg
2010.02.15 21:35 B C:\AlbaniWebs\BrainWave\images\ricebk.jpg --> www.brainwavevirtuosity.com /httpdocs/images ricebk.jpg
2010.02.15 21:35 B C:\AlbaniWebs\BrainWave\images\work_1_creativity.gif --> www.brainwavevirtuosity.com /httpdocs/images work_1_creativity.gif
2010.02.15 21:35 B C:\AlbaniWebs\BrainWave\images\work_2_meditation.gif --> www.brainwavevirtuosity.com /httpdocs/images work_2_meditation.gif
2010.02.15 21:35 B C:\AlbaniWebs\BrainWave\images\work_3_dimension.jpg --> www.brainwavevirtuosity.com /httpdocs/images work_3_dimension.jpg
2010.02.15 21:35 B C:\AlbaniWebs\BrainWave\images\work_4.jpg --> www.brainwavevirtuosity.com /httpdocs/images work_4.jpg
2010.02.15 21:35 B C:\AlbaniWebs\BrainWave\images\WS_FTP.LOG --> www.brainwavevirtuosity.com /httpdocs/images WS_FTP.LOG
2011.02.03 15:15 B E:\AlbaniWebs\BrainWave\images\Anna_stkate.jpg --> brainwavevirtuosity.com /httpdocs/images Anna_stkate.jpg
2011.02.03 15:15 B E:\AlbaniWebs\BrainWave\images\attention.jpg --> brainwavevirtuosity.com /httpdocs/images attention.jpg
2011.02.03 15:15 B E:\AlbaniWebs\BrainWave\images\Barb_Nelson.jpg --> brainwavevirtuosity.com /httpdocs/images Barb_Nelson.jpg
2011.02.03 15:15 B E:\AlbaniWebs\BrainWave\images\brainwave-1.jpg --> brainwavevirtuosity.com /httpdocs/images brainwave-1.jpg
2011.02.03 15:15 B E:\AlbaniWebs\BrainWave\images\brainwave-1b.jpg --> brainwavevirtuosity.com /httpdocs/images brainwave-1b.jpg
2011.02.03 15:16 B E:\AlbaniWebs\BrainWave\images\brainwave-2.jpg --> brainwavevirtuosity.com /httpdocs/images brainwave-2.jpg
2011.02.03 15:16 B E:\AlbaniWebs\BrainWave\images\brainwave-2b.jpg --> brainwavevirtuosity.com /httpdocs/images brainwave-2b.jpg
2011.02.03 15:16 B E:\AlbaniWebs\BrainWave\images\brainwave-3.gif --> brainwavevirtuosity.com /httpdocs/images brainwave-3.gif
2011.02.03 15:16 B E:\AlbaniWebs\BrainWave\images\brainwave-3.jpg --> brainwavevirtuosity.com /httpdocs/images brainwave-3.jpg
2011.02.03 15:16 B E:\AlbaniWebs\BrainWave\images\brainwave_computer.jpg --> brainwavevirtuosity.com /httpdocs/images brainwave_computer.jpg
2011.02.03 15:16 B E:\AlbaniWebs\BrainWave\images\brainwave_connections.jpg --> brainwavevirtuosity.com /httpdocs/images brainwave_connections.jpg
2011.02.03 15:16 B E:\AlbaniWebs\BrainWave\images\christine_st-kate.jpg --> brainwavevirtuosity.com /httpdocs/images christine_st-kate.jpg
2011.02.03 15:16 B E:\AlbaniWebs\BrainWave\images\clip_image002.gif --> brainwavevirtuosity.com /httpdocs/images clip_image002.gif
2011.02.03 15:16 B E:\AlbaniWebs\BrainWave\images\Dr. Anna Vazquez.jpg --> brainwavevirtuosity.com /httpdocs/images Dr. Anna Vazquez.jpg
2011.02.03 15:16 B E:\AlbaniWebs\BrainWave\images\Dr. Anna Vazquez_2.jpg --> brainwavevirtuosity.com /httpdocs/images Dr. Anna Vazquez_2.jpg
2011.02.03 15:16 B E:\AlbaniWebs\BrainWave\images\Dr. Anna Vazquez_3.jpg --> brainwavevirtuosity.com /httpdocs/images Dr. Anna Vazquez_3.jpg
2011.02.03 15:16 B E:\AlbaniWebs\BrainWave\images\eeg_animation.gif --> brainwavevirtuosity.com /httpdocs/images eeg_animation.gif
2011.02.03 15:16 B E:\AlbaniWebs\BrainWave\images\eeg_animation_233.gif --> brainwavevirtuosity.com /httpdocs/images eeg_animation_233.gif
2011.02.03 15:16 B E:\AlbaniWebs\BrainWave\images\eeg_connect.jpg --> brainwavevirtuosity.com /httpdocs/images eeg_connect.jpg
2011.02.03 15:16 B E:\AlbaniWebs\BrainWave\images\header.jpg --> brainwavevirtuosity.com /httpdocs/images header.jpg
2011.02.03 15:16 B E:\AlbaniWebs\BrainWave\images\header.png --> brainwavevirtuosity.com /httpdocs/images header.png
2011.02.03 15:16 B E:\AlbaniWebs\BrainWave\images\header2.gif --> brainwavevirtuosity.com /httpdocs/images header2.gif
2011.02.03 15:16 B E:\AlbaniWebs\BrainWave\images\line_144.gif --> brainwavevirtuosity.com /httpdocs/images line_144.gif
2011.02.03 15:16 B E:\AlbaniWebs\BrainWave\images\line_144_blue.gif --> brainwavevirtuosity.com /httpdocs/images line_144_blue.gif
2011.02.03 15:16 B E:\AlbaniWebs\BrainWave\images\line_333.gif --> brainwavevirtuosity.com /httpdocs/images line_333.gif
2011.02.03 15:16 B E:\AlbaniWebs\BrainWave\images\line_89_blue.gif --> brainwavevirtuosity.com /httpdocs/images line_89_blue.gif
2011.02.03 15:16 B E:\AlbaniWebs\BrainWave\images\line_89_purple.gif --> brainwavevirtuosity.com /httpdocs/images line_89_purple.gif
2011.02.03 15:16 B E:\AlbaniWebs\BrainWave\images\nancy_chakrin.jpg --> brainwavevirtuosity.com /httpdocs/images nancy_chakrin.jpg
2011.02.03 15:16 B E:\AlbaniWebs\BrainWave\images\panel-bkgrd-2.gif --> brainwavevirtuosity.com /httpdocs/images panel-bkgrd-2.gif
2011.02.03 15:16 B E:\AlbaniWebs\BrainWave\images\panel-bkgrd.gif --> brainwavevirtuosity.com /httpdocs/images panel-bkgrd.gif
2011.02.03 15:16 B E:\AlbaniWebs\BrainWave\images\paul_vazquez.jpg --> brainwavevirtuosity.com /httpdocs/images paul_vazquez.jpg
2011.02.03 15:16 B E:\AlbaniWebs\BrainWave\images\professional.jpg --> brainwavevirtuosity.com /httpdocs/images professional.jpg
2011.02.03 15:16 B E:\AlbaniWebs\BrainWave\images\ricebk.jpg --> brainwavevirtuosity.com /httpdocs/images ricebk.jpg
2011.02.03 15:16 B E:\AlbaniWebs\BrainWave\images\work_1_creativity.gif --> brainwavevirtuosity.com /httpdocs/images work_1_creativity.gif
2011.02.03 15:16 B E:\AlbaniWebs\BrainWave\images\work_2_meditation.gif --> brainwavevirtuosity.com /httpdocs/images work_2_meditation.gif
2011.02.03 15:16 B E:\AlbaniWebs\BrainWave\images\work_3_dimension.jpg --> brainwavevirtuosity.com /httpdocs/images work_3_dimension.jpg
2011.02.03 15:16 B E:\AlbaniWebs\BrainWave\images\work_4.jpg --> brainwavevirtuosity.com /httpdocs/images work_4.jpg
2011.02.03 15:16 B E:\AlbaniWebs\BrainWave\images\WS_FTP.LOG --> brainwavevirtuosity.com /httpdocs/images WS_FTP.LOG
2011.02.04 05:57 B E:\AlbaniWebs\BrainWave\images\Anna_stkate.jpg --> brainwavevirtuosity.com /public_html/images Anna_stkate.jpg
2011.02.04 05:57 B E:\AlbaniWebs\BrainWave\images\attention.jpg --> brainwavevirtuosity.com /public_html/images attention.jpg
2011.02.04 05:57 B E:\AlbaniWebs\BrainWave\images\Barb_Nelson.jpg --> brainwavevirtuosity.com /public_html/images Barb_Nelson.jpg
2011.02.04 05:57 B E:\AlbaniWebs\BrainWave\images\brainwave-1.jpg --> brainwavevirtuosity.com /public_html/images brainwave-1.jpg
2011.02.04 05:57 B E:\AlbaniWebs\BrainWave\images\brainwave-1b.jpg --> brainwavevirtuosity.com /public_html/images brainwave-1b.jpg
2011.02.04 05:57 B E:\AlbaniWebs\BrainWave\images\brainwave-2.jpg --> brainwavevirtuosity.com /public_html/images brainwave-2.jpg
2011.02.04 05:57 B E:\AlbaniWebs\BrainWave\images\brainwave-2b.jpg --> brainwavevirtuosity.com /public_html/images brainwave-2b.jpg
2011.02.04 05:57 B E:\AlbaniWebs\BrainWave\images\brainwave-3.gif --> brainwavevirtuosity.com /public_html/images brainwave-3.gif
2011.02.04 05:57 B E:\AlbaniWebs\BrainWave\images\brainwave-3.jpg --> brainwavevirtuosity.com /public_html/images brainwave-3.jpg
2011.02.04 05:57 B E:\AlbaniWebs\BrainWave\images\brainwave_computer.jpg --> brainwavevirtuosity.com /public_html/images brainwave_computer.jpg
2011.02.04 05:57 B E:\AlbaniWebs\BrainWave\images\brainwave_connections.jpg --> brainwavevirtuosity.com /public_html/images brainwave_connections.jpg
2011.02.04 05:57 B E:\AlbaniWebs\BrainWave\images\christine_st-kate.jpg --> brainwavevirtuosity.com /public_html/images christine_st-kate.jpg
2011.02.04 05:57 B E:\AlbaniWebs\BrainWave\images\clip_image002.gif --> brainwavevirtuosity.com /public_html/images clip_image002.gif
2011.02.04 05:57 B E:\AlbaniWebs\BrainWave\images\Dr. Anna Vazquez.jpg --> brainwavevirtuosity.com /public_html/images Dr. Anna Vazquez.jpg
2011.02.04 05:57 B E:\AlbaniWebs\BrainWave\images\Dr. Anna Vazquez_2.jpg --> brainwavevirtuosity.com /public_html/images Dr. Anna Vazquez_2.jpg
2011.02.04 05:57 B E:\AlbaniWebs\BrainWave\images\Dr. Anna Vazquez_3.jpg --> brainwavevirtuosity.com /public_html/images Dr. Anna Vazquez_3.jpg
2011.02.04 05:57 B E:\AlbaniWebs\BrainWave\images\eeg_animation.gif --> brainwavevirtuosity.com /public_html/images eeg_animation.gif
2011.02.04 05:57 B E:\AlbaniWebs\BrainWave\images\eeg_animation_233.gif --> brainwavevirtuosity.com /public_html/images eeg_animation_233.gif
2011.02.04 05:57 B E:\AlbaniWebs\BrainWave\images\eeg_connect.jpg --> brainwavevirtuosity.com /public_html/images eeg_connect.jpg
2011.02.04 05:57 B E:\AlbaniWebs\BrainWave\images\header.jpg --> brainwavevirtuosity.com /public_html/images header.jpg
2011.02.04 05:57 B E:\AlbaniWebs\BrainWave\images\header.png --> brainwavevirtuosity.com /public_html/images header.png
2011.02.04 05:57 B E:\AlbaniWebs\BrainWave\images\header2.gif --> brainwavevirtuosity.com /public_html/images header2.gif
2011.02.04 05:57 B E:\AlbaniWebs\BrainWave\images\line_144.gif --> brainwavevirtuosity.com /public_html/images line_144.gif
2011.02.04 05:57 B E:\AlbaniWebs\BrainWave\images\line_144_blue.gif --> brainwavevirtuosity.com /public_html/images line_144_blue.gif
2011.02.04 05:57 B E:\AlbaniWebs\BrainWave\images\line_333.gif --> brainwavevirtuosity.com /public_html/images line_333.gif
2011.02.04 05:57 B E:\AlbaniWebs\BrainWave\images\line_89_blue.gif --> brainwavevirtuosity.com /public_html/images line_89_blue.gif
2011.02.04 05:57 B E:\AlbaniWebs\BrainWave\images\line_89_purple.gif --> brainwavevirtuosity.com /public_html/images line_89_purple.gif
2011.02.04 05:57 B E:\AlbaniWebs\BrainWave\images\nancy_chakrin.jpg --> brainwavevirtuosity.com /public_html/images nancy_chakrin.jpg
2011.02.04 05:57 B E:\AlbaniWebs\BrainWave\images\panel-bkgrd-2.gif --> brainwavevirtuosity.com /public_html/images panel-bkgrd-2.gif
2011.02.04 05:57 B E:\AlbaniWebs\BrainWave\images\panel-bkgrd.gif --> brainwavevirtuosity.com /public_html/images panel-bkgrd.gif
2011.02.04 05:57 B E:\AlbaniWebs\BrainWave\images\paul_vazquez.jpg --> brainwavevirtuosity.com /public_html/images paul_vazquez.jpg
2011.02.04 05:57 B E:\AlbaniWebs\BrainWave\images\professional.jpg --> brainwavevirtuosity.com /public_html/images professional.jpg
2011.02.04 05:57 B E:\AlbaniWebs\BrainWave\images\ricebk.jpg --> brainwavevirtuosity.com /public_html/images ricebk.jpg
2011.02.04 05:57 B E:\AlbaniWebs\BrainWave\images\work_1_creativity.gif --> brainwavevirtuosity.com /public_html/images work_1_creativity.gif
2011.02.04 05:57 B E:\AlbaniWebs\BrainWave\images\work_2_meditation.gif --> brainwavevirtuosity.com /public_html/images work_2_meditation.gif
2011.02.04 05:57 B E:\AlbaniWebs\BrainWave\images\work_3_dimension.jpg --> brainwavevirtuosity.com /public_html/images work_3_dimension.jpg
2011.02.04 05:57 B E:\AlbaniWebs\BrainWave\images\work_4.jpg --> brainwavevirtuosity.com /public_html/images work_4.jpg
